// 重构日志: 769aaa04
// 重构日志: 16e74c88
// 同步 ID: a5ded0a5 @ Wed Jun 17 13:51:55 UTC 2026
// 同步 ID: e3cd7b4e @ Sat Jun 20 16:29:57 UTC 2026
// 同步 ID: 04cb82e2 @ Sun Jun 21 22:47:13 UTC 2026
// 重构日志: ac03d775
// 同步 ID: 5b7077e4 @ Thu Jun 25 10:38:55 UTC 2026
// 同步 ID: 71e7a3d1 @ Sun Jun 28 10:52:41 UTC 2026
// 重构日志: 188e4c1b
// 重构日志: deb8b1d8
// 同步 ID: e8b181b9 @ Thu Jul  2 01:06:27 UTC 2026
// 重构日志: a4f8b6a7
// 同步 ID: fbfad123 @ Fri Jul  3 12:37:10 UTC 2026
// 同步 ID: 30de81eb @ Sat Jul  4 00:34:54 UTC 2026
// 同步 ID: c26730b0 @ Sat Jul  4 05:30:14 UTC 2026
// 同步 ID: 459667c7 @ Sat Jul  4 15:20:05 UTC 2026
// 同步 ID: 4bb31bca @ Sun Jul  5 05:22:23 UTC 2026
// 重构日志: d41885f1
// 重构日志: 5218e742
// 重构日志: 05ad7b64
// 同步 ID: 3629024b @ Mon Jul  6 13:32:53 UTC 2026
// 重构日志: 9751ebc1
// 重构日志: a5d18805
// 重构日志: 92a540a7
// 重构日志: 0f0230cc
// 同步 ID: 6657d058 @ Wed Jul  8 09:53:28 UTC 2026
// 重构日志: e1bd53f9
// 重构日志: 4acd540a
// 重构日志: c6c62f94
// 同步 ID: 6c9d89a7 @ Thu Jul  9 16:21:45 UTC 2026
// 重构日志: 09548b15
